---
  0 debug pnpm:scope: 
    selected: 1
    workspacePrefix: null
  1 info pnpm: 
    message: "A store server is running. All store manipulations are delegated to it."
    prefix: "/app"
  2 debug pnpm:package-json: 
    initial: 
      //1: "describes your app and its dependencies"
      //2: "https://docs.npmjs.com/files/package.json"
      //3: "updating this file will download and update your packages"
      name: "hello-express"
      version: "0.0.1"
      description: "A simple Node app built on Express, instantly up and running."
      main: "server.js"
      scripts: 
        start: "node server.js"
      dependencies: 
        express: "^4.17.1"
        tone: "^14.5.33"
        socket.io: "^2.3.0"
      engines: 
        node: "10.x"
      repository: 
        url: "https://glitch.com/edit/#!/hello-express"
      license: "MIT"
      keywords: 
        - "node"
        - "glitch"
        - "express"
      readme: "Welcome to Glitch\n=================\n\nClick `Show` in the header to see your app live. Updates to your code will instantly deploy and update live.\n\n**Glitch** is the friendly community where you'll build the app of your dreams. Glitch lets you instantly create, remix, edit, and host an app, bot or site, and you can invite collaborators or helpers to simultaneously edit code with you.\n\nFind out more [about Glitch](https://glitch.com/about).\n\n\nYour Project\n------------\n\nOn the front-end,\n- edit `public/client.js`, `public/style.css` and `views/index.html`\n- drag in `assets`, like images or music, to add them to your project\n\nOn the back-end,\n- your app starts at `server.js`\n- add frameworks and packages in `package.json`\n- safely store app secrets in `.env` (nobody can see this but you and people you invite)\n\n\nMade by [Glitch](https://glitch.com/)\n-------------------\n\n\\ ゜o゜)ノ\n"
      readmeFilename: "README.md"
      gitHead: "66d988bc2a892e54625097d5d538fe636aa5c7f2"
      _id: "hello-express@0.0.1"
    prefix: "/app"
  3 warn pnpm: 
    message: "Moving express that was installed by a different package manager to \"node_modules/.ignored"
    prefix: "/app"
  4 error pnpm: 
    message: 
      errno: -39
      code: "ENOTEMPTY"
      syscall: "rename"
      path: "/rbd/pnpm-volume/c45331cc-ba0f-425b-b43f-32bb07db75eb/node_modules/express"
      dest: "/rbd/pnpm-volume/c45331cc-ba0f-425b-b43f-32bb07db75eb/node_modules/.ignored/express"
    err: 
      name: "Error"
      message: "ENOTEMPTY: directory not empty, rename '/rbd/pnpm-volume/c45331cc-ba0f-425b-b43f-32bb07db75eb/node_modules/express' -> '/rbd/pnpm-volume/c45331cc-ba0f-425b-b43f-32bb07db75eb/node_modules/.ignored/express'"
      code: "ENOTEMPTY"
      stack: "Error: ENOTEMPTY: directory not empty, rename '/rbd/pnpm-volume/c45331cc-ba0f-425b-b43f-32bb07db75eb/node_modules/express' -> '/rbd/pnpm-volume/c45331cc-ba0f-425b-b43f-32bb07db75eb/node_modules/.ignored/express'"
